2022-07-26 20:42:12,075 - main - INFO - Mail sent.....
2022-07-26 20:42:12,291 - __main__ - INFO - Suggested movie name is : IKIRU
2022-07-26 18:51:00,296 - main - INFO - Mail sent.....
2022-07-26 18:51:00,307 - __main__ - INFO - Suggested movie name is : IT'S A WONDERFUL LIFE
2022-07-26 19:06:22,410 - main - INFO - Mail sent.....
2022-07-26 19:06:22,427 - __main__ - INFO - Suggested movie name is : THE GRAND BUDAPEST HOTEL
2022-07-26 19:23:34,450 - main - INFO - Mail sent.....
2022-07-26 19:23:34,462 - __main__ - INFO - Suggested movie name is : ALIEN
2022-07-26 19:34:51,415 - main - INFO - Could not send mail...
2022-07-26 19:34:51,424 - __main__ - INFO - Suggested movie name is : MEMORIES OF MURDER
2022-07-27 05:08:44,277 - main - INFO - Could not send mail...
2022-07-27 05:08:44,296 - __main__ - INFO - Suggested movie name is : THE PASSION OF JOAN OF ARC
2022-07-27 05:41:06,298 - main - INFO - Could not send mail...
2022-07-27 05:41:06,308 - __main__ - INFO - Suggested movie name is : STAR WARS: EPISODE VI - RETURN OF THE JEDI
2022-07-27 06:24:56,022 - main - INFO - Mail sent.....
2022-07-27 06:24:56,038 - __main__ - INFO - Suggested movie name is : PARASITE
2022-07-27 08:25:30,289 - main - INFO - Could not send mail...
2022-07-27 08:25:30,354 - __main__ - INFO - Suggested movie name is : RUSH
2022-07-27 10:23:55,633 - main - INFO - Mail sent.....
2022-07-27 10:23:55,698 - __main__ - INFO - Suggested movie name is : ONCE UPON A TIME IN AMERICA
2022-07-27 12:42:45,056 - main - INFO - Could not send mail...
2022-07-27 12:42:45,070 - __main__ - INFO - Suggested movie name is : MY FATHER AND MY SON
2022-07-27 14:18:22,553 - main - INFO - Mail sent.....
2022-07-27 14:18:22,566 - __main__ - INFO - Suggested movie name is : THE GENERAL
2022-07-27 16:29:36,351 - main - INFO - Mail sent.....
2022-07-27 16:29:36,395 - __main__ - INFO - Suggested movie name is : SE7EN
2022-07-27 18:23:04,233 - main - INFO - Mail sent.....
2022-07-27 18:23:04,261 - __main__ - INFO - Suggested movie name is : THE GRAPES OF WRATH
2022-07-28 00:33:00,880 - main - INFO - Mail sent.....
2022-07-28 00:33:00,890 - __main__ - INFO - Suggested movie name is : INCEPTION
2022-07-28 06:07:46,748 - main - INFO - Could not send mail...
2022-07-28 06:07:46,772 - __main__ - INFO - Suggested movie name is : THE INTOUCHABLES
2022-07-28 12:16:00,421 - main - INFO - Mail sent.....
2022-07-28 12:16:00,435 - __main__ - INFO - Suggested movie name is : MR. SMITH GOES TO WASHINGTON
2022-07-28 18:07:30,895 - main - INFO - Mail sent.....
2022-07-28 18:07:30,913 - __main__ - INFO - Suggested movie name is : DJANGO UNCHAINED
2022-07-29 00:35:29,458 - main - INFO - Mail sent.....
2022-07-29 00:35:29,477 - __main__ - INFO - Suggested movie name is : 2001: A SPACE ODYSSEY
2022-07-29 06:07:42,289 - main - INFO - Mail sent.....
2022-07-29 06:07:42,334 - __main__ - INFO - Suggested movie name is : THE WIZARD OF OZ
2022-07-29 12:11:15,677 - main - INFO - Mail sent.....
2022-07-29 12:11:15,704 - __main__ - INFO - Suggested movie name is : ALIENS
2022-07-29 18:07:22,199 - main - INFO - Mail sent.....
2022-07-29 18:07:22,212 - __main__ - INFO - Suggested movie name is : TRAINSPOTTING
2022-07-30 00:28:39,069 - main - INFO - Mail sent.....
2022-07-30 00:28:39,114 - __main__ - INFO - Suggested movie name is : AMERICAN HISTORY X
2022-07-30 06:06:46,191 - main - INFO - Mail sent.....
2022-07-30 06:06:46,218 - __main__ - INFO - Suggested movie name is : GROUNDHOG DAY
2022-07-30 12:08:49,406 - main - INFO - Mail sent.....
2022-07-30 12:08:49,452 - __main__ - INFO - Suggested movie name is : FINDING NEMO
2022-07-30 18:04:15,503 - main - INFO - Mail sent.....
2022-07-30 18:04:15,517 - __main__ - INFO - Suggested movie name is : THE GOOD, THE BAD AND THE UGLY
2022-07-31 00:32:22,251 - main - INFO - Could not send mail...
2022-07-31 00:32:22,278 - __main__ - INFO - Suggested movie name is : LA HAINE
2022-07-31 06:07:09,034 - main - INFO - Mail sent.....
2022-07-31 06:07:09,082 - __main__ - INFO - Suggested movie name is : TRAINSPOTTING
2022-07-31 12:10:47,397 - main - INFO - Mail sent.....
2022-07-31 12:10:47,407 - __main__ - INFO - Suggested movie name is : BICYCLE THIEVES
2022-07-31 18:05:58,808 - main - INFO - Mail sent.....
2022-07-31 18:05:58,827 - __main__ - INFO - Suggested movie name is : PARASITE
2022-08-01 00:38:55,701 - main - INFO - Mail sent.....
2022-08-01 00:38:55,728 - __main__ - INFO - Suggested movie name is : THE DARK KNIGHT RISES
2022-08-01 06:22:27,494 - main - INFO - Could not send mail...
2022-08-01 06:22:27,505 - __main__ - INFO - Suggested movie name is : LÉON: THE PROFESSIONAL
2022-08-01 12:12:35,133 - main - INFO - Mail sent.....
2022-08-01 12:12:35,179 - __main__ - INFO - Suggested movie name is : BATMAN BEGINS
2022-08-01 18:07:30,576 - main - INFO - Mail sent.....
2022-08-01 18:07:30,622 - __main__ - INFO - Suggested movie name is : NETWORK
2022-08-02 00:35:56,220 - main - INFO - Mail sent.....
2022-08-02 00:35:56,230 - __main__ - INFO - Suggested movie name is : VERTIGO
